<?xml version="1.0" encoding="UTF-8"?>
<!-- Generated by org.testng.reporters.JUnitReportReporter -->
<testsuite hostname="BCT-LTP-G877" failures="0" tests="1" name="com.blazeclan.qa.test.testng.TestFramework" time="1.038" errors="0" timestamp="2022-08-16T17:56:27 IST" skipped="0">
  <testcase classname="com.blazeclan.qa.test.testng.TestFramework" name="navigateToLoginPage" time="1.038"/>
  <system-out/>
</testsuite> <!-- com.blazeclan.qa.test.testng.TestFramework -->
